<?xml version="1.0" encoding="UTF-8"?>
<!-- Generated by org.testng.reporters.JUnitReportReporter -->
<testsuite hostname="LAPTOP-Q97UB95Q" name="resources.AppTest" tests="1" failures="0" timestamp="13 Apr 2021 21:49:03 GMT" time="0.006" errors="0">
  <testcase name="testApp" time="0.006" classname="resources.AppTest"/>
</testsuite> <!-- resources.AppTest -->
